<?xml version="1.0" encoding="UTF-8"?>
<!-- Generated by org.testng.reporters.JUnitXMLReporter -->
<testsuite hostname="SHREE-PC" ignored="1" name="Hubspot Functional Regression Test- chrome" tests="7" failures="0" timestamp="15 Feb 2020 00:32:43 GMT" time="27.082" errors="0">
  <testcase name="verifyHomePageTitleTest" time="0.103" classname="com.qa.hubspot.testcases.HomePageTest"/>
  <testcase name="verifyLoginPageTitleTest" time="5.048" classname="com.qa.hubspot.testcases.LoginPageTest"/>
  <testcase name="verifyHomePageHeaderTest" time="0.046" classname="com.qa.hubspot.testcases.HomePageTest"/>
  <testcase name="verifySignUpLink" time="0.101" classname="com.qa.hubspot.testcases.LoginPageTest"/>
  <testcase name="verifyLoggedInUserNameTest" time="0.04" classname="com.qa.hubspot.testcases.HomePageTest"/>
  <testcase name="verifyDontHaveAnAccountTextTest" time="0.059" classname="com.qa.hubspot.testcases.LoginPageTest"/>
  <testcase name="loginTest" time="3.424" classname="com.qa.hubspot.testcases.LoginPageTest"/>
  <testcase name="login_InvalidTestCases" time="0.0" classname="com.qa.hubspot.testcases.LoginPageTest">
    <ignored/>
  </testcase> <!-- login_InvalidTestCases -->
</testsuite> <!-- Hubspot Functional Regression Test- chrome -->
