<?xml version="1.0" encoding="UTF-8"?>
<!-- Generated by org.testng.reporters.JUnitXMLReporter -->
<testsuite hostname="SHREE-PC" ignored="1" name="Hubspot Functional Regression Test- FF" tests="7" failures="0" timestamp="15 Feb 2020 00:32:49 GMT" time="33.259" errors="0">
  <testcase name="verifyHomePageTitleTest" time="0.024" classname="com.qa.hubspot.testcases.HomePageTest"/>
  <testcase name="verifyLoginPageTitleTest" time="4.066" classname="com.qa.hubspot.testcases.LoginPageTest"/>
  <testcase name="verifyHomePageHeaderTest" time="0.077" classname="com.qa.hubspot.testcases.HomePageTest"/>
  <testcase name="verifySignUpLink" time="0.646" classname="com.qa.hubspot.testcases.LoginPageTest"/>
  <testcase name="verifyLoggedInUserNameTest" time="0.027" classname="com.qa.hubspot.testcases.HomePageTest"/>
  <testcase name="verifyDontHaveAnAccountTextTest" time="0.106" classname="com.qa.hubspot.testcases.LoginPageTest"/>
  <testcase name="loginTest" time="3.004" classname="com.qa.hubspot.testcases.LoginPageTest"/>
  <testcase name="login_InvalidTestCases" time="0.0" classname="com.qa.hubspot.testcases.LoginPageTest">
    <ignored/>
  </testcase> <!-- login_InvalidTestCases -->
</testsuite> <!-- Hubspot Functional Regression Test- FF -->
