<?xml version="1.0" encoding="UTF-8"?>
<!-- Generated by org.testng.reporters.JUnitXMLReporter -->
<testsuite hostname="SHREE-PC" ignored="1" name="Hubspot Functional Regression Test" tests="4" failures="0" timestamp="14 Feb 2020 22:20:17 GMT" time="13.259" errors="0">
  <testcase name="verifyLoginPageTitleTest" time="5.015" classname="com.qa.hubspot.testcases.LoginPageTest"/>
  <testcase name="verifySignUpLink" time="0.089" classname="com.qa.hubspot.testcases.LoginPageTest"/>
  <testcase name="verifyDontHaveAnAccountTextTest" time="0.034" classname="com.qa.hubspot.testcases.LoginPageTest"/>
  <testcase name="loginTest" time="2.629" classname="com.qa.hubspot.testcases.LoginPageTest"/>
  <testcase name="login_InvalidTestCases" time="0.0" classname="com.qa.hubspot.testcases.LoginPageTest">
    <ignored/>
  </testcase> <!-- login_InvalidTestCases -->
</testsuite> <!-- Hubspot Functional Regression Test -->
