<?xml version="1.0" encoding="UTF-8"?>
<!-- Generated by org.testng.reporters.JUnitXMLReporter -->
<testsuite hostname="SHREE-PC" ignored="1" name="Hub Spot Functional Regression Test" tests="4" failures="0" timestamp="17 Feb 2020 23:37:57 GMT" time="13.873" errors="0">
  <testcase name="verifyLoginPageTitleTest" time="4.964" classname="com.qa.hubspot.testcases.LoginPageTest"/>
  <testcase name="verifySignUpLink" time="0.078" classname="com.qa.hubspot.testcases.LoginPageTest"/>
  <testcase name="verifyDontHaveAnAccountTextTest" time="0.042" classname="com.qa.hubspot.testcases.LoginPageTest"/>
  <testcase name="loginTest" time="2.624" classname="com.qa.hubspot.testcases.LoginPageTest"/>
  <testcase name="login_InvalidTestCases" time="0.0" classname="com.qa.hubspot.testcases.LoginPageTest">
    <ignored/>
  </testcase> <!-- login_InvalidTestCases -->
</testsuite> <!-- Hub Spot Functional Regression Test -->
