<?xml version="1.0" encoding="UTF-8"?>
<!-- Generated by org.testng.reporters.JUnitXMLReporter -->
<testsuite ignored="1" hostname="SHREE-PC" failures="0" tests="7" name="Hubspot Functional Regression Test- FF" time="33.73" errors="0" timestamp="14 Feb 2020 23:00:25 GMT">
  <testcase classname="com.qa.hubspot.testcases.LoginPageTest" name="verifyLoginPageTitleTest" time="4.572"/>
  <testcase classname="com.qa.hubspot.testcases.HomePageTest" name="verifyHomePageTitleTest" time="0.02"/>
  <testcase classname="com.qa.hubspot.testcases.LoginPageTest" name="verifySignUpLink" time="0.204"/>
  <testcase classname="com.qa.hubspot.testcases.HomePageTest" name="verifyHomePageHeaderTest" time="0.097"/>
  <testcase classname="com.qa.hubspot.testcases.LoginPageTest" name="verifyDontHaveAnAccountTextTest" time="0.039"/>
  <testcase classname="com.qa.hubspot.testcases.HomePageTest" name="verifyLoggedInUserNameTest" time="0.054"/>
  <testcase classname="com.qa.hubspot.testcases.LoginPageTest" name="loginTest" time="3.263"/>
  <testcase classname="com.qa.hubspot.testcases.LoginPageTest" name="login_InvalidTestCases" time="0.0">
    <ignored/>
  </testcase> <!-- login_InvalidTestCases -->
</testsuite> <!-- Hubspot Functional Regression Test- FF -->
