<?xml version="1.0" encoding="UTF-8"?>
<testsuite xmlns:xsi="http://www.w3.org/2001/XMLSchema-instance" xsi:noNamespaceSchemaLocation="https://maven.apache.org/surefire/maven-surefire-plugin/xsd/surefire-test-report.xsd" name="TestSuite" time="35.981" tests="14" errors="0" skipped="0" failures="0">
  <properties>
[...]
</properties>
  <testcase name="verifyLoginPageTitleTest" classname="com.qa.hubspot.testcases.LoginPageTest" time="2.342"/>
  <testcase name="verifyLoginPageTitleTest" classname="com.qa.hubspot.testcases.LoginPageTest" time="1.948"/>
  <testcase name="verifyHomePageTitleTest" classname="com.qa.hubspot.testcases.HomePageTest" time="0.02"/>
  <testcase name="verifyHomePageTitleTest" classname="com.qa.hubspot.testcases.HomePageTest" time="0.051"/>
  <testcase name="verifySignUpLink" classname="com.qa.hubspot.testcases.LoginPageTest" time="0.099"/>
  <testcase name="verifySignUpLink" classname="com.qa.hubspot.testcases.LoginPageTest" time="0.12"/>
  <testcase name="verifyHomePageHeaderTest" classname="com.qa.hubspot.testcases.HomePageTest" time="0.044"/>
  <testcase name="verifyHomePageHeaderTest" classname="com.qa.hubspot.testcases.HomePageTest" time="0.099"/>
  <testcase name="verifyDontHaveAnAccountTextTest" classname="com.qa.hubspot.testcases.LoginPageTest" time="0.05"/>
  <testcase name="verifyDontHaveAnAccountTextTest" classname="com.qa.hubspot.testcases.LoginPageTest" time="0.027"/>
  <testcase name="verifyLoggedInUserNameTest" classname="com.qa.hubspot.testcases.HomePageTest" time="0.035"/>
  <testcase name="verifyLoggedInUserNameTest" classname="com.qa.hubspot.testcases.HomePageTest" time="0.034"/>
  <testcase name="loginTest" classname="com.qa.hubspot.testcases.LoginPageTest" time="1.558"/>
  <testcase name="loginTest" classname="com.qa.hubspot.testcases.LoginPageTest" time="3.255"/>
</testsuite>