<?xml version="1.0" encoding="UTF-8"?>
<testng-results ignored="1" total="5" passed="3" failed="1" skipped="0">
  <reporter-output>
  </reporter-output>
  <suite started-at="2020-02-15T20:18:28Z" name="Hub Spot Regression Suite" finished-at="2020-02-15T20:18:59Z" duration-ms="30711">
    <groups>
      <group name="sanity">
        <method signature="LoginPageTest.verifySignUpLink()[pri:2, instance:com.qa.hubspot.testcases.LoginPageTest@659925f4]" name="verifySignUpLink" class="com.qa.hubspot.testcases.LoginPageTest"/>
      </group> <!-- sanity -->
    </groups>
    <test started-at="2020-02-15T20:18:28Z" name="Hub Spot Functional Regression Test" finished-at="2020-02-15T20:18:59Z" duration-ms="30711">
      <class name="com.qa.hubspot.testcases.LoginPageTest">
        <test-method is-config="true" signature="setUp(java.lang.String)[pri:0, instance:com.qa.hubspot.testcases.LoginPageTest@659925f4]" started-at="2020-02-15T20:18:28Z" name="setUp" finished-at="2020-02-15T20:18:34Z" duration-ms="5501" status="PASS">
          <params>
            <param index="0">
              <value>
                <![CDATA[]]>
              </value>
            </param>
          </params>
          <reporter-output>
          </reporter-output>
        </test-method> <!-- setUp -->
        <test-method signature="verifyLoginPageTitleTest()[pri:1, instance:com.qa.hubspot.testcases.LoginPageTest@659925f4]" started-at="2020-02-15T20:18:34Z" name="verifyLoginPageTitleTest" finished-at="2020-02-15T20:18:54Z" duration-ms="20218" status="FAIL">
          <exception class="org.openqa.selenium.TimeoutException">
            <message>
              <![CDATA[Expected condition failed: waiting for title to be "HubSpot Login123". Current title: "HubSpot Login" (tried for 20 second(s) with 500 milliseconds interval)
Build info: version: '3.141.59', revision: 'e82be7d358', time: '2018-11-14T08:17:03'
System info: host: 'SHREE-PC', ip: '192.168.1.29', os.name: 'Windows 10', os.arch: 'amd64', os.version: '10.0', java.version: '11'
Driver info: org.openqa.selenium.chrome.ChromeDriver
Capabilities {acceptInsecureCerts: false, browserName: chrome, browserVersion: 80.0.3987.100, chrome: {chromedriverVersion: 80.0.3987.106 (f68069574609..., userDataDir: C:\Users\patel\AppData\Loca...}, goog:chromeOptions: {debuggerAddress: localhost:63641}, javascriptEnabled: true, networkConnectionEnabled: false, pageLoadStrategy: normal, platform: WINDOWS, platformName: WINDOWS, proxy: Proxy(), setWindowRect: true, strictFileInteractability: false, timeouts: {implicit: 0, pageLoad: 300000, script: 30000}, unhandledPromptBehavior: dismiss and notify}
Session ID: f796c752147ce365e93b58b84f8ab10d]]>
            </message>
            <full-stacktrace>
              <![CDATA[org.openqa.selenium.TimeoutException: Expected condition failed: waiting for title to be "HubSpot Login123". Current title: "HubSpot Login" (tried for 20 second(s) with 500 milliseconds interval)
Build info: version: '3.141.59', revision: 'e82be7d358', time: '2018-11-14T08:17:03'
System info: host: 'SHREE-PC', ip: '192.168.1.29', os.name: 'Windows 10', os.arch: 'amd64', os.version: '10.0', java.version: '11'
Driver info: org.openqa.selenium.chrome.ChromeDriver
Capabilities {acceptInsecureCerts: false, browserName: chrome, browserVersion: 80.0.3987.100, chrome: {chromedriverVersion: 80.0.3987.106 (f68069574609..., userDataDir: C:\Users\patel\AppData\Loca...}, goog:chromeOptions: {debuggerAddress: localhost:63641}, javascriptEnabled: true, networkConnectionEnabled: false, pageLoadStrategy: normal, platform: WINDOWS, platformName: WINDOWS, proxy: Proxy(), setWindowRect: true, strictFileInteractability: false, timeouts: {implicit: 0, pageLoad: 300000, script: 30000}, unhandledPromptBehavior: dismiss and notify}
Session ID: f796c752147ce365e93b58b84f8ab10d
at org.openqa.selenium.support.ui.WebDriverWait.timeoutException(WebDriverWait.java:95)
at org.openqa.selenium.support.ui.FluentWait.until(FluentWait.java:272)
at com.qa.hubspot.utils.ElementUtil.waitForTitlePresent(ElementUtil.java:67)
at com.qa.hubspot.pages.LoginPage.getPageTitle(LoginPage.java:37)
at com.qa.hubspot.testcases.LoginPageTest.verifyLoginPageTitleTest(LoginPageTest.java:74)
at java.base/jdk.internal.reflect.NativeMethodAccessorImpl.invoke0(Native Method)
at java.base/jdk.internal.reflect.NativeMethodAccessorImpl.invoke(NativeMethodAccessorImpl.java:62)
at java.base/jdk.internal.reflect.DelegatingMethodAccessorImpl.invoke(DelegatingMethodAccessorImpl.java:43)
at java.base/java.lang.reflect.Method.invoke(Method.java:566)
at org.testng.internal.MethodInvocationHelper.invokeMethod(MethodInvocationHelper.java:124)
at org.testng.internal.Invoker.invokeMethod(Invoker.java:583)
at org.testng.internal.Invoker.invokeTestMethod(Invoker.java:719)
at org.testng.internal.Invoker.invokeTestMethods(Invoker.java:989)
at org.testng.internal.TestMethodWorker.invokeTestMethods(TestMethodWorker.java:125)
at org.testng.internal.TestMethodWorker.run(TestMethodWorker.java:109)
at org.testng.TestRunner.privateRun(TestRunner.java:648)
at org.testng.TestRunner.run(TestRunner.java:505)
at org.testng.SuiteRunner.runTest(SuiteRunner.java:455)
at org.testng.SuiteRunner.runSequentially(SuiteRunner.java:450)
at org.testng.SuiteRunner.privateRun(SuiteRunner.java:415)
at org.testng.SuiteRunner.run(SuiteRunner.java:364)
at org.testng.SuiteRunnerWorker.runSuite(SuiteRunnerWorker.java:52)
at org.testng.SuiteRunnerWorker.run(SuiteRunnerWorker.java:84)
at org.testng.TestNG.runSuitesSequentially(TestNG.java:1208)
at org.testng.TestNG.runSuitesLocally(TestNG.java:1137)
at org.testng.TestNG.runSuites(TestNG.java:1049)
at org.testng.TestNG.run(TestNG.java:1017)
at org.apache.maven.surefire.testng.TestNGExecutor.run(TestNGExecutor.java:283)
at org.apache.maven.surefire.testng.TestNGXmlTestSuite.execute(TestNGXmlTestSuite.java:75)
at org.apache.maven.surefire.testng.TestNGProvider.invoke(TestNGProvider.java:120)
at org.apache.maven.surefire.booter.ForkedBooter.invokeProviderInSameClassLoader(ForkedBooter.java:386)
at org.apache.maven.surefire.booter.ForkedBooter.runSuitesInProcess(ForkedBooter.java:323)
at org.apache.maven.surefire.booter.ForkedBooter.main(ForkedBooter.java:143)
]]>
            </full-stacktrace>
          </exception> <!-- org.openqa.selenium.TimeoutException -->
          <reporter-output>
          </reporter-output>
        </test-method> <!-- verifyLoginPageTitleTest -->
        <test-method signature="verifySignUpLink()[pri:2, instance:com.qa.hubspot.testcases.LoginPageTest@659925f4]" started-at="2020-02-15T20:18:55Z" name="verifySignUpLink" finished-at="2020-02-15T20:18:55Z" duration-ms="89" status="PASS">
          <reporter-output>
          </reporter-output>
        </test-method> <!-- verifySignUpLink -->
        <test-method signature="verifyDontHaveAnAccountTextTest()[pri:3, instance:com.qa.hubspot.testcases.LoginPageTest@659925f4]" started-at="2020-02-15T20:18:55Z" name="verifyDontHaveAnAccountTextTest" finished-at="2020-02-15T20:18:55Z" duration-ms="46" status="PASS">
          <reporter-output>
          </reporter-output>
        </test-method> <!-- verifyDontHaveAnAccountTextTest -->
        <test-method signature="loginTest()[pri:5, instance:com.qa.hubspot.testcases.LoginPageTest@659925f4]" started-at="2020-02-15T20:18:55Z" name="loginTest" finished-at="2020-02-15T20:18:58Z" duration-ms="3256" status="PASS">
          <reporter-output>
          </reporter-output>
        </test-method> <!-- loginTest -->
        <test-method is-config="true" signature="tearDown()[pri:0, instance:com.qa.hubspot.testcases.LoginPageTest@659925f4]" started-at="2020-02-15T20:18:58Z" name="tearDown" finished-at="2020-02-15T20:18:59Z" duration-ms="668" status="PASS">
          <reporter-output>
          </reporter-output>
        </test-method> <!-- tearDown -->
      </class> <!-- com.qa.hubspot.testcases.LoginPageTest -->
    </test> <!-- Hub Spot Functional Regression Test -->
  </suite> <!-- Hub Spot Regression Suite -->
</testng-results>
