<?xml version="1.0" encoding="UTF-8"?>
<testng-results skipped="0" failed="0" ignored="1" total="5" passed="4">
  <reporter-output>
  </reporter-output>
  <suite name="Hub Spot Regression Suite" duration-ms="15381" started-at="2020-02-15T19:20:23Z" finished-at="2020-02-15T19:20:38Z">
    <groups>
      <group name="sanity">
        <method signature="LoginPageTest.verifySignUpLink()[pri:2, instance:com.qa.hubspot.testcases.LoginPageTest@309e345f]" name="verifySignUpLink" class="com.qa.hubspot.testcases.LoginPageTest"/>
      </group> <!-- sanity -->
    </groups>
    <test name="Hub Spot Functional Regression Test" duration-ms="15381" started-at="2020-02-15T19:20:23Z" finished-at="2020-02-15T19:20:38Z">
      <class name="com.qa.hubspot.testcases.LoginPageTest">
        <test-method status="PASS" signature="setUp(java.lang.String)[pri:0, instance:com.qa.hubspot.testcases.LoginPageTest@309e345f]" name="setUp" is-config="true" duration-ms="5634" started-at="2020-02-15T19:20:23Z" finished-at="2020-02-15T19:20:28Z">
          <params>
            <param index="0">
              <value>
                <![CDATA[]]>
              </value>
            </param>
          </params>
          <reporter-output>
          </reporter-output>
        </test-method> <!-- setUp -->
        <test-method status="PASS" signature="verifyLoginPageTitleTest()[pri:1, instance:com.qa.hubspot.testcases.LoginPageTest@309e345f]" name="verifyLoginPageTitleTest" duration-ms="4730" started-at="2020-02-15T19:20:28Z" finished-at="2020-02-15T19:20:33Z">
          <reporter-output>
          </reporter-output>
        </test-method> <!-- verifyLoginPageTitleTest -->
        <test-method status="PASS" signature="verifySignUpLink()[pri:2, instance:com.qa.hubspot.testcases.LoginPageTest@309e345f]" name="verifySignUpLink" duration-ms="176" started-at="2020-02-15T19:20:33Z" finished-at="2020-02-15T19:20:33Z">
          <reporter-output>
          </reporter-output>
        </test-method> <!-- verifySignUpLink -->
        <test-method status="PASS" signature="verifyDontHaveAnAccountTextTest()[pri:3, instance:com.qa.hubspot.testcases.LoginPageTest@309e345f]" name="verifyDontHaveAnAccountTextTest" duration-ms="106" started-at="2020-02-15T19:20:33Z" finished-at="2020-02-15T19:20:33Z">
          <reporter-output>
          </reporter-output>
        </test-method> <!-- verifyDontHaveAnAccountTextTest -->
        <test-method status="PASS" signature="loginTest()[pri:5, instance:com.qa.hubspot.testcases.LoginPageTest@309e345f]" name="loginTest" duration-ms="3863" started-at="2020-02-15T19:20:33Z" finished-at="2020-02-15T19:20:37Z">
          <reporter-output>
          </reporter-output>
        </test-method> <!-- loginTest -->
        <test-method status="PASS" signature="tearDown()[pri:0, instance:com.qa.hubspot.testcases.LoginPageTest@309e345f]" name="tearDown" is-config="true" duration-ms="679" started-at="2020-02-15T19:20:37Z" finished-at="2020-02-15T19:20:38Z">
          <reporter-output>
          </reporter-output>
        </test-method> <!-- tearDown -->
      </class> <!-- com.qa.hubspot.testcases.LoginPageTest -->
    </test> <!-- Hub Spot Functional Regression Test -->
  </suite> <!-- Hub Spot Regression Suite -->
</testng-results>
